c:\users\omar alkhamissi\desktop\ee24 (student)\ee22\x64\debug\vc143.pdb
c:\users\omar alkhamissi\desktop\ee24 (student)\ee22\x64\debug\vc143.idb
c:\users\omar alkhamissi\desktop\ee24 (student)\ee22\x64\debug\variable.obj
c:\users\omar alkhamissi\desktop\ee24 (student)\ee22\x64\debug\token.obj
c:\users\omar alkhamissi\desktop\ee24 (student)\ee22\x64\debug\ee_main.obj
c:\users\omar alkhamissi\desktop\ee24 (student)\ee22\x64\debug\xerror.obj
c:\users\omar alkhamissi\desktop\ee24 (student)\ee22\x64\debug\consoleenhanced.obj
c:\users\omar alkhamissi\desktop\ee24 (student)\ee22\x64\debug\consolecore.obj
c:\users\omar alkhamissi\desktop\ee24 (student)\ee22\x64\debug\consoleapp.obj
c:\users\omar alkhamissi\desktop\ee24 (student)\ee22\x64\debug\tokenizer.obj
c:\users\omar alkhamissi\desktop\ee24 (student)\ee22\x64\debug\rpnevaluator.obj
c:\users\omar alkhamissi\desktop\ee24 (student)\ee22\x64\debug\real.obj
c:\users\omar alkhamissi\desktop\ee24 (student)\ee22\x64\debug\parser.obj
c:\users\omar alkhamissi\desktop\ee24 (student)\ee22\x64\debug\operation.obj
c:\users\omar alkhamissi\desktop\ee24 (student)\ee22\x64\debug\integer.obj
c:\users\omar alkhamissi\desktop\ee24 (student)\ee22\x64\debug\function.obj
c:\users\omar alkhamissi\desktop\ee24 (student)\ee22\x64\debug\expression_evaluator.obj
c:\users\omar alkhamissi\desktop\ee24 (student)\ee22\x64\debug\boolean.obj
c:\users\omar alkhamissi\desktop\ee24 (student)\ee22\x64\debug\operator.obj
c:\users\omar alkhamissi\desktop\ee24 (student)\ee22\x64\debug\operand.obj
c:\users\omar alkhamissi\desktop\ee24 (student)\x64\debug\ee22.exe
c:\users\omar alkhamissi\desktop\ee24 (student)\x64\debug\ee22.pdb
c:\users\omar alkhamissi\desktop\ee24 (student)\ee22\x64\debug\ee22.ilk
c:\users\omar alkhamissi\desktop\ee24 (student)\ee22\x64\debug\ee22.tlog\cl.command.1.tlog
c:\users\omar alkhamissi\desktop\ee24 (student)\ee22\x64\debug\ee22.tlog\cl.items.tlog
c:\users\omar alkhamissi\desktop\ee24 (student)\ee22\x64\debug\ee22.tlog\cl.read.1.tlog
c:\users\omar alkhamissi\desktop\ee24 (student)\ee22\x64\debug\ee22.tlog\cl.write.1.tlog
c:\users\omar alkhamissi\desktop\ee24 (student)\ee22\x64\debug\ee22.tlog\link.command.1.tlog
c:\users\omar alkhamissi\desktop\ee24 (student)\ee22\x64\debug\ee22.tlog\link.read.1.tlog
c:\users\omar alkhamissi\desktop\ee24 (student)\ee22\x64\debug\ee22.tlog\link.secondary.1.tlog
c:\users\omar alkhamissi\desktop\ee24 (student)\ee22\x64\debug\ee22.tlog\link.write.1.tlog
