c:\users\omar alkhamissi\desktop\ee24 (student)\automarker\x64\debug\vc143.pdb
c:\users\omar alkhamissi\desktop\ee24 (student)\automarker\x64\debug\vc143.idb
c:\users\omar alkhamissi\desktop\ee24 (student)\automarker\x64\debug\marker_00_framework.obj
c:\users\omar alkhamissi\desktop\ee24 (student)\automarker\x64\debug\xerror.obj
c:\users\omar alkhamissi\desktop\ee24 (student)\automarker\x64\debug\consoleenhanced.obj
c:\users\omar alkhamissi\desktop\ee24 (student)\automarker\x64\debug\consolecore.obj
c:\users\omar alkhamissi\desktop\ee24 (student)\automarker\x64\debug\testapp_execute.obj
c:\users\omar alkhamissi\desktop\ee24 (student)\automarker\x64\debug\testapp.obj
c:\users\omar alkhamissi\desktop\ee24 (student)\automarker\x64\debug\consoleapp.obj
c:\users\omar alkhamissi\desktop\ee24 (student)\automarker\x64\debug\variable.obj
c:\users\omar alkhamissi\desktop\ee24 (student)\automarker\x64\debug\tokenizer.obj
c:\users\omar alkhamissi\desktop\ee24 (student)\automarker\x64\debug\token.obj
c:\users\omar alkhamissi\desktop\ee24 (student)\automarker\x64\debug\rpnevaluator.obj
c:\users\omar alkhamissi\desktop\ee24 (student)\automarker\x64\debug\real.obj
c:\users\omar alkhamissi\desktop\ee24 (student)\automarker\x64\debug\parser.obj
c:\users\omar alkhamissi\desktop\ee24 (student)\automarker\x64\debug\operator.obj
c:\users\omar alkhamissi\desktop\ee24 (student)\automarker\x64\debug\operation.obj
c:\users\omar alkhamissi\desktop\ee24 (student)\automarker\x64\debug\operand.obj
c:\users\omar alkhamissi\desktop\ee24 (student)\automarker\x64\debug\integer.obj
c:\users\omar alkhamissi\desktop\ee24 (student)\automarker\x64\debug\function.obj
c:\users\omar alkhamissi\desktop\ee24 (student)\automarker\x64\debug\expression_evaluator.obj
c:\users\omar alkhamissi\desktop\ee24 (student)\automarker\x64\debug\boolean.obj
c:\users\omar alkhamissi\desktop\ee24 (student)\automarker\x64\debug\marker_12_result.obj
c:\users\omar alkhamissi\desktop\ee24 (student)\automarker\x64\debug\marker_11_integer_variable.obj
c:\users\omar alkhamissi\desktop\ee24 (student)\automarker\x64\debug\marker_10_relational.obj
c:\users\omar alkhamissi\desktop\ee24 (student)\automarker\x64\debug\marker_09_boolean.obj
c:\users\omar alkhamissi\desktop\ee24 (student)\automarker\x64\debug\marker_08_mixed.obj
c:\users\omar alkhamissi\desktop\ee24 (student)\automarker\x64\debug\marker_07_real.obj
c:\users\omar alkhamissi\desktop\ee24 (student)\automarker\x64\debug\marker_06_integer_function.obj
c:\users\omar alkhamissi\desktop\ee24 (student)\automarker\x64\debug\marker_05_integer_parenthesis.obj
c:\users\omar alkhamissi\desktop\ee24 (student)\automarker\x64\debug\marker_04_integer_right_associative.obj
c:\users\omar alkhamissi\desktop\ee24 (student)\automarker\x64\debug\marker_03_integer_binary.obj
c:\users\omar alkhamissi\desktop\ee24 (student)\automarker\x64\debug\marker_02_integer_unary.obj
c:\users\omar alkhamissi\desktop\ee24 (student)\automarker\x64\debug\marker_01_integer.obj
c:\users\omar alkhamissi\desktop\ee24 (student)\x64\debug\automarker.exe
c:\users\omar alkhamissi\desktop\ee24 (student)\x64\debug\automarker.pdb
c:\users\omar alkhamissi\desktop\ee24 (student)\automarker\x64\debug\automarker.ilk
c:\users\omar alkhamissi\desktop\ee24 (student)\automarker\x64\debug\automarker.tlog\cl.command.1.tlog
c:\users\omar alkhamissi\desktop\ee24 (student)\automarker\x64\debug\automarker.tlog\cl.items.tlog
c:\users\omar alkhamissi\desktop\ee24 (student)\automarker\x64\debug\automarker.tlog\cl.read.1.tlog
c:\users\omar alkhamissi\desktop\ee24 (student)\automarker\x64\debug\automarker.tlog\cl.write.1.tlog
c:\users\omar alkhamissi\desktop\ee24 (student)\automarker\x64\debug\automarker.tlog\link.command.1.tlog
c:\users\omar alkhamissi\desktop\ee24 (student)\automarker\x64\debug\automarker.tlog\link.read.1.tlog
c:\users\omar alkhamissi\desktop\ee24 (student)\automarker\x64\debug\automarker.tlog\link.secondary.1.tlog
c:\users\omar alkhamissi\desktop\ee24 (student)\automarker\x64\debug\automarker.tlog\link.write.1.tlog
